2025-07-10 08:43:44 - Starting code pull
2025-07-10 08:43:44 - Pulling latest code from Git
2025-07-10 08:44:05 - Code pull completed successfully
2025-07-10 08:49:39 - Code pulled successfully
2025-07-10 09:01:18 - Starting code pull
2025-07-10 09:01:18 - Pulling latest code from Git
2025-07-10 09:01:38 - Code pull completed successfully
2025-07-10 09:07:33 - Starting code pull
2025-07-10 09:07:33 - Pulling latest code from Git
2025-07-10 09:07:33 - Git pull failed
2025-07-10 09:07:35 - Code pulled successfully
2025-07-10 09:13:52 - Starting code pull
2025-07-10 09:13:52 - Pulling latest code from Git
2025-07-10 09:13:53 - Git pull failed
2025-07-10 09:13:53 - Code pulled successfully
2025-07-10 09:16:59 - Starting code pull
2025-07-10 09:16:59 - Pulling latest code from Git
2025-07-10 09:17:19 - Code pull completed successfully
2025-07-10 09:38:06 - Starting code pull
2025-07-10 09:38:06 - Pulling latest code from Git
2025-07-10 09:38:06 - Code pulled successfully
2025-07-10 09:38:06 - Git pull failed
2025-07-10 09:47:41 - Code pulled successfully
2025-07-10 09:47:41 - Starting code pull
2025-07-10 09:47:41 - Pulling latest code from Git
2025-07-10 09:47:41 - Git pull failed
2025-07-10 10:45:07 - Starting code pull
2025-07-10 10:45:07 - SSH agent started and key added
2025-07-10 10:45:07 - Pulling latest code from Git
2025-07-10 10:45:08 - Code pull completed successfully
2025-07-10 10:47:10 - Code pulled successfully
2025-07-10 10:47:11 - Starting code pull
2025-07-10 10:47:11 - SSH agent started and key added
2025-07-10 10:47:11 - Pulling latest code from Git
2025-07-10 10:47:12 - Code pull completed successfully
2025-07-10 10:53:25 - Code pulled successfully
2025-07-10 10:53:27 - Starting code pull
2025-07-10 10:53:27 - SSH agent started and key added
2025-07-10 10:53:27 - Pulling latest code from Git
2025-07-10 10:53:27 - Code pull completed successfully
2025-07-10 10:55:52 - Starting code pull
2025-07-10 10:55:52 - SSH agent started and key added
2025-07-10 10:55:52 - Pulling latest code from Git
2025-07-10 10:55:53 - Code pull completed successfully
2025-07-10 10:56:27 - Starting code pull
2025-07-10 10:56:27 - SSH agent started and key added
2025-07-10 10:56:27 - Pulling latest code from Git
2025-07-10 10:56:27 - Code pull completed successfully
2025-07-10 11:31:18 - Starting code pull
2025-07-10 11:31:18 - SSH agent started and key added
2025-07-10 11:31:18 - Pulling latest code from Git
2025-07-10 11:31:19 - Code pull completed successfully
